<?xml version="1.0" encoding="UTF-8"?>
<!-- Generated by org.testng.reporters.JUnitReportReporter -->
<testsuite hostname="Rishabh" failures="0" tests="1" name="com.JavaSeleniumBDD.TestRunner" time="5.695" errors="0" timestamp="2023-10-01T16:49:43 IST" skipped="0">
  <testcase classname="com.JavaSeleniumBDD.TestRunner" name="runScenario" time="5.695"/>
</testsuite> <!-- com.JavaSeleniumBDD.TestRunner -->
