<?xml version="1.0" encoding="UTF-8"?>
<!-- Generated by org.testng.reporters.JUnitReportReporter -->
<testsuite hostname="Rishabh" failures="0" tests="1" name="com.JavaSeleniumBDD.TestRunner" time="3.922" errors="0" timestamp="2023-09-30T21:13:29 IST" skipped="0">
  <testcase classname="com.JavaSeleniumBDD.TestRunner" name="runScenario" time="3.922"/>
</testsuite> <!-- com.JavaSeleniumBDD.TestRunner -->
